[01m[K/home/anushreesabnis/OSPP-2021/ospp-ws/assisted_teleop/src/main.cpp:[m[K In member function â€˜[01m[Kvoid MinimalSubscriber::footprint_callback(geometry_msgs::msg::PolygonStamped_<std::allocator<void> >::SharedPtr)[m[Kâ€™:
[01m[K/home/anushreesabnis/OSPP-2021/ospp-ws/assisted_teleop/src/main.cpp:73:42:[m[K [01;31m[Kerror: [m[Kno matching function for call to â€˜[01m[Kspin_until_future_complete()[m[Kâ€™
   73 | ntil_future_complete([01;31m[K)[m[K;
      |                      [01;31m[K^[m[K

In file included from [01m[K/opt/ros/foxy/include/rclcpp/rclcpp.hpp:146[m[K,
                 from [01m[K/home/anushreesabnis/OSPP-2021/ospp-ws/assisted_teleop/src/main.cpp:8[m[K:
[01m[K/opt/ros/foxy/include/rclcpp/executors.hpp:105:1:[m[K [01;36m[Knote: [m[Kcandidate: â€˜[01m[Ktemplate<class FutureT, class TimeRepT, class TimeT> rclcpp::FutureReturnCode rclcpp::spin_until_future_complete(rclcpp::node_interfaces::NodeBaseInterface::SharedPtr, const std::shared_future<_Res>&, std::chrono::duration<_Rep, _Period>)[m[Kâ€™
  105 | [01;36m[Kspin_until_future_complete[m[K(
      | [01;36m[K^~~~~~~~~~~~~~~~~~~~~~~~~~[m[K
[01m[K/opt/ros/foxy/include/rclcpp/executors.hpp:105:1:[m[K [01;36m[Knote: [m[K  template argument deduction/substitution failed:
[01m[K/home/anushreesabnis/OSPP-2021/ospp-ws/assisted_teleop/src/main.cpp:73:42:[m[K [01;36m[Knote: [m[K  candidate expects 3 arguments, 0 provided
   73 | ntil_future_complete([01;36m[K)[m[K;
      |                      [01;36m[K^[m[K

In file included from [01m[K/opt/ros/foxy/include/rclcpp/rclcpp.hpp:146[m[K,
                 from [01m[K/home/anushreesabnis/OSPP-2021/ospp-ws/assisted_teleop/src/main.cpp:8[m[K:
[01m[K/opt/ros/foxy/include/rclcpp/executors.hpp:117:1:[m[K [01;36m[Knote: [m[Kcandidate: â€˜[01m[Ktemplate<class NodeT, class FutureT, class TimeRepT, class TimeT> rclcpp::FutureReturnCode rclcpp::spin_until_future_complete(std::shared_ptr<_Tp>, const std::shared_future<ResponseT>&, std::chrono::duration<_Rep2, _Period2>)[m[Kâ€™
  117 | [01;36m[Kspin_until_future_complete[m[K(
      | [01;36m[K^~~~~~~~~~~~~~~~~~~~~~~~~~[m[K
[01m[K/opt/ros/foxy/include/rclcpp/executors.hpp:117:1:[m[K [01;36m[Knote: [m[K  template argument deduction/substitution failed:
[01m[K/home/anushreesabnis/OSPP-2021/ospp-ws/assisted_teleop/src/main.cpp:73:42:[m[K [01;36m[Knote: [m[K  candidate expects 3 arguments, 0 provided
   73 | ntil_future_complete([01;36m[K)[m[K;
      |                      [01;36m[K^[m[K

make[2]: *** [CMakeFiles/assisted_teleop_node.dir/build.make:63: CMakeFiles/assisted_teleop_node.dir/src/main.cpp.o] Error 1
make[1]: *** [CMakeFiles/Makefile2:80: CMakeFiles/assisted_teleop_node.dir/all] Error 2
make: *** [Makefile:141: all] Error 2
