-- Found ament_cmake: 0.9.8 (/opt/ros/foxy/share/ament_cmake/cmake)
-- Using PYTHON_EXECUTABLE: /usr/bin/python3
-- Override CMake install command with custom implementation using symlinks instead of copying resources
-- Found rclcpp: 2.3.1 (/opt/ros/foxy/share/rclcpp/cmake)
-- Using all available rosidl_typesupport_c: rosidl_typesupport_fastrtps_c;rosidl_typesupport_introspection_c
-- Found rosidl_adapter: 1.2.1 (/opt/ros/foxy/share/rosidl_adapter/cmake)
-- Using all available rosidl_typesupport_cpp: rosidl_typesupport_fastrtps_cpp;rosidl_typesupport_introspection_cpp
-- Found rmw_implementation_cmake: 1.0.3 (/opt/ros/foxy/share/rmw_implementation_cmake/cmake)
-- Using RMW implementation 'rmw_fastrtps_cpp' as default
-- Found geometry_msgs: 2.0.4 (/opt/ros/foxy/share/geometry_msgs/cmake)
-- Found nav_msgs: 2.0.4 (/opt/ros/foxy/share/nav_msgs/cmake)
-- Found nav2_common: 0.4.7 (/home/anushreesabnis/nav2_ws/install/nav2_common/share/nav2_common/cmake)
-- Found nav2_msgs: 0.4.7 (/home/anushreesabnis/nav2_ws/install/nav2_msgs/share/nav2_msgs/cmake)
-- Found tf2_py: 0.13.10 (/opt/ros/foxy/share/tf2_py/cmake)
-- Found tf2: 0.13.10 (/opt/ros/foxy/share/tf2/cmake)
-- Found tf2_ros: 0.13.10 (/opt/ros/foxy/share/tf2_ros/cmake)
-- Found tf2_sensor_msgs: 0.13.10 (/opt/ros/foxy/share/tf2_sensor_msgs/cmake)
-- Found tf2_geometry_msgs: 0.13.10 (/opt/ros/foxy/share/tf2_geometry_msgs/cmake)
-- Found tf2_eigen: 0.13.10 (/opt/ros/foxy/share/tf2_eigen/cmake)
-- Found tf2_tools: 0.13.10 (/opt/ros/foxy/share/tf2_tools/cmake)
-- Found nav2_util: 0.4.7 (/home/anushreesabnis/nav2_ws/install/nav2_util/share/nav2_util/cmake)
-- Found nav2_costmap_2d: 0.4.7 (/home/anushreesabnis/nav2_ws/install/nav2_costmap_2d/share/nav2_costmap_2d/cmake)
-- Found tf2_kdl: 0.13.10 (/home/anushreesabnis/ros2_foxy/install/tf2_kdl/share/tf2_kdl/cmake)
-- Found nav_2d_utils: 0.4.7 (/home/anushreesabnis/nav2_ws/install/nav_2d_utils/share/nav_2d_utils/cmake)
-- Configuring done
-- Generating done
-- Build files have been written to: /home/anushreesabnis/OSPP-2021/ospp-ws/build/assisted_teleop
[35m[1mScanning dependencies of target assisted_teleop_core[0m
[ 25%] [32mBuilding CXX object CMakeFiles/assisted_teleop_core.dir/src/assisted_teleop.cpp.o[0m
[01m[K/home/anushreesabnis/OSPP-2021/ospp-ws/assisted_teleop/src/assisted_teleop.cpp:7:1:[m[K [01;31m[Kerror: [m[Kâ€˜[01m[Krobot_frame_[m[Kâ€™ does not name a type
    7 | [01;31m[Krobot_frame_[m[K = "base_link";
      | [01;31m[K^~~~~~~~~~~~[m[K
make[2]: *** [CMakeFiles/assisted_teleop_core.dir/build.make:63: CMakeFiles/assisted_teleop_core.dir/src/assisted_teleop.cpp.o] Error 1
make[1]: *** [CMakeFiles/Makefile2:107: CMakeFiles/assisted_teleop_core.dir/all] Error 2
make: *** [Makefile:141: all] Error 2
